D:\VISUAL STUDIO 2012\PROJECTS\小鱼的航程\小鱼的航程\DEBUG\DEMO.OBJ
D:\VISUAL STUDIO 2012\PROJECTS\小鱼的航程\小鱼的航程\DEBUG\VC110.PDB
D:\VISUAL STUDIO 2012\PROJECTS\小鱼的航程\DEBUG\小鱼的航程.ILK
D:\VISUAL STUDIO 2012\PROJECTS\小鱼的航程\DEBUG\小鱼的航程.EXE
D:\VISUAL STUDIO 2012\PROJECTS\小鱼的航程\DEBUG\小鱼的航程.PDB
D:\Visual Studio 2012\Projects\小鱼的航程\小鱼的航程\Debug\demo.obj
D:\Visual Studio 2012\Projects\小鱼的航程\小鱼的航程\Debug\cl.command.1.tlog
D:\Visual Studio 2012\Projects\小鱼的航程\小鱼的航程\Debug\CL.read.1.tlog
D:\Visual Studio 2012\Projects\小鱼的航程\小鱼的航程\Debug\CL.write.1.tlog
D:\Visual Studio 2012\Projects\小鱼的航程\小鱼的航程\Debug\link-cvtres.read.1.tlog
D:\Visual Studio 2012\Projects\小鱼的航程\小鱼的航程\Debug\link-cvtres.write.1.tlog
D:\Visual Studio 2012\Projects\小鱼的航程\小鱼的航程\Debug\link-rc.read.1.tlog
D:\Visual Studio 2012\Projects\小鱼的航程\小鱼的航程\Debug\link-rc.write.1.tlog
D:\Visual Studio 2012\Projects\小鱼的航程\小鱼的航程\Debug\link.command.1.tlog
D:\Visual Studio 2012\Projects\小鱼的航程\小鱼的航程\Debug\link.read.1.tlog
D:\Visual Studio 2012\Projects\小鱼的航程\小鱼的航程\Debug\link.write.1.tlog
D:\Visual Studio 2012\Projects\小鱼的航程\小鱼的航程\Debug\vc110.idb
D:\Visual Studio 2012\Projects\小鱼的航程\小鱼的航程\Debug\vc110.pdb
D:\Visual Studio 2012\Projects\小鱼的航程\Debug\小鱼的航程.pdb
D:\Visual Studio 2012\Projects\小鱼的航程\Debug\小鱼的航程.exe
D:\Visual Studio 2012\Projects\小鱼的航程\Debug\小鱼的航程.ilk
