D:\VISUAL STUDIO 2012\PROJECTS\日程安排\日程安排\DEBUG\DEMO.OBJ
D:\VISUAL STUDIO 2012\PROJECTS\日程安排\日程安排\DEBUG\VC110.PDB
D:\VISUAL STUDIO 2012\PROJECTS\日程安排\DEBUG\日程安排.ILK
D:\VISUAL STUDIO 2012\PROJECTS\日程安排\DEBUG\日程安排.EXE
D:\VISUAL STUDIO 2012\PROJECTS\日程安排\DEBUG\日程安排.PDB
D:\Visual Studio 2012\Projects\日程安排\日程安排\Debug\demo.obj
D:\Visual Studio 2012\Projects\日程安排\日程安排\Debug\cl.command.1.tlog
D:\Visual Studio 2012\Projects\日程安排\日程安排\Debug\CL.read.1.tlog
D:\Visual Studio 2012\Projects\日程安排\日程安排\Debug\CL.write.1.tlog
D:\Visual Studio 2012\Projects\日程安排\日程安排\Debug\link-cvtres.read.1.tlog
D:\Visual Studio 2012\Projects\日程安排\日程安排\Debug\link-cvtres.write.1.tlog
D:\Visual Studio 2012\Projects\日程安排\日程安排\Debug\link-rc.read.1.tlog
D:\Visual Studio 2012\Projects\日程安排\日程安排\Debug\link-rc.write.1.tlog
D:\Visual Studio 2012\Projects\日程安排\日程安排\Debug\link.command.1.tlog
D:\Visual Studio 2012\Projects\日程安排\日程安排\Debug\link.read.1.tlog
D:\Visual Studio 2012\Projects\日程安排\日程安排\Debug\link.write.1.tlog
D:\Visual Studio 2012\Projects\日程安排\日程安排\Debug\vc110.idb
D:\Visual Studio 2012\Projects\日程安排\日程安排\Debug\vc110.pdb
D:\Visual Studio 2012\Projects\日程安排\Debug\日程安排.pdb
D:\Visual Studio 2012\Projects\日程安排\Debug\日程安排.exe
D:\Visual Studio 2012\Projects\日程安排\Debug\日程安排.ilk
