D:\VISUAL STUDIO 2012\PROJECTS\UFO\UFO\DEBUG\DEMO.OBJ
D:\VISUAL STUDIO 2012\PROJECTS\UFO\UFO\DEBUG\VC110.PDB
D:\VISUAL STUDIO 2012\PROJECTS\UFO\DEBUG\UFO.ILK
D:\VISUAL STUDIO 2012\PROJECTS\UFO\DEBUG\UFO.EXE
D:\VISUAL STUDIO 2012\PROJECTS\UFO\DEBUG\UFO.PDB
D:\Visual Studio 2012\Projects\UFO\UFO\Debug\demo.obj
D:\Visual Studio 2012\Projects\UFO\UFO\Debug\cl.command.1.tlog
D:\Visual Studio 2012\Projects\UFO\UFO\Debug\CL.read.1.tlog
D:\Visual Studio 2012\Projects\UFO\UFO\Debug\CL.write.1.tlog
D:\Visual Studio 2012\Projects\UFO\UFO\Debug\link-cvtres.read.1.tlog
D:\Visual Studio 2012\Projects\UFO\UFO\Debug\link-cvtres.write.1.tlog
D:\Visual Studio 2012\Projects\UFO\UFO\Debug\link-rc.read.1.tlog
D:\Visual Studio 2012\Projects\UFO\UFO\Debug\link-rc.write.1.tlog
D:\Visual Studio 2012\Projects\UFO\UFO\Debug\link.command.1.tlog
D:\Visual Studio 2012\Projects\UFO\UFO\Debug\link.read.1.tlog
D:\Visual Studio 2012\Projects\UFO\UFO\Debug\link.write.1.tlog
D:\Visual Studio 2012\Projects\UFO\UFO\Debug\vc110.idb
D:\Visual Studio 2012\Projects\UFO\UFO\Debug\vc110.pdb
D:\Visual Studio 2012\Projects\UFO\Debug\UFO.pdb
D:\Visual Studio 2012\Projects\UFO\Debug\UFO.exe
D:\Visual Studio 2012\Projects\UFO\Debug\UFO.ilk
