D:\VISUAL STUDIO 2012\PROJECTS\储蓄计划\储蓄计划\DEBUG\DEMO.OBJ
D:\VISUAL STUDIO 2012\PROJECTS\储蓄计划\储蓄计划\DEBUG\VC110.PDB
D:\VISUAL STUDIO 2012\PROJECTS\储蓄计划\DEBUG\储蓄计划.ILK
D:\VISUAL STUDIO 2012\PROJECTS\储蓄计划\DEBUG\储蓄计划.EXE
D:\VISUAL STUDIO 2012\PROJECTS\储蓄计划\DEBUG\储蓄计划.PDB
D:\Visual Studio 2012\Projects\储蓄计划\储蓄计划\Debug\demo.obj
D:\Visual Studio 2012\Projects\储蓄计划\储蓄计划\Debug\cl.command.1.tlog
D:\Visual Studio 2012\Projects\储蓄计划\储蓄计划\Debug\CL.read.1.tlog
D:\Visual Studio 2012\Projects\储蓄计划\储蓄计划\Debug\CL.write.1.tlog
D:\Visual Studio 2012\Projects\储蓄计划\储蓄计划\Debug\link-cvtres.read.1.tlog
D:\Visual Studio 2012\Projects\储蓄计划\储蓄计划\Debug\link-cvtres.write.1.tlog
D:\Visual Studio 2012\Projects\储蓄计划\储蓄计划\Debug\link-rc.read.1.tlog
D:\Visual Studio 2012\Projects\储蓄计划\储蓄计划\Debug\link-rc.write.1.tlog
D:\Visual Studio 2012\Projects\储蓄计划\储蓄计划\Debug\link.command.1.tlog
D:\Visual Studio 2012\Projects\储蓄计划\储蓄计划\Debug\link.read.1.tlog
D:\Visual Studio 2012\Projects\储蓄计划\储蓄计划\Debug\link.write.1.tlog
D:\Visual Studio 2012\Projects\储蓄计划\储蓄计划\Debug\vc110.idb
D:\Visual Studio 2012\Projects\储蓄计划\储蓄计划\Debug\vc110.pdb
D:\Visual Studio 2012\Projects\储蓄计划\Debug\储蓄计划.pdb
D:\Visual Studio 2012\Projects\储蓄计划\Debug\储蓄计划.exe
D:\Visual Studio 2012\Projects\储蓄计划\Debug\储蓄计划.ilk
