D:\VISUAL STUDIO 2012\PROJECTS\级数求和\级数求和\DEBUG\DEMO.OBJ
D:\VISUAL STUDIO 2012\PROJECTS\级数求和\级数求和\DEBUG\VC110.PDB
D:\VISUAL STUDIO 2012\PROJECTS\级数求和\DEBUG\级数求和.ILK
D:\VISUAL STUDIO 2012\PROJECTS\级数求和\DEBUG\级数求和.EXE
D:\VISUAL STUDIO 2012\PROJECTS\级数求和\DEBUG\级数求和.PDB
D:\Visual Studio 2012\Projects\级数求和\级数求和\Debug\demo.obj
D:\Visual Studio 2012\Projects\级数求和\级数求和\Debug\cl.command.1.tlog
D:\Visual Studio 2012\Projects\级数求和\级数求和\Debug\CL.read.1.tlog
D:\Visual Studio 2012\Projects\级数求和\级数求和\Debug\CL.write.1.tlog
D:\Visual Studio 2012\Projects\级数求和\级数求和\Debug\link-cvtres.read.1.tlog
D:\Visual Studio 2012\Projects\级数求和\级数求和\Debug\link-cvtres.write.1.tlog
D:\Visual Studio 2012\Projects\级数求和\级数求和\Debug\link-rc.read.1.tlog
D:\Visual Studio 2012\Projects\级数求和\级数求和\Debug\link-rc.write.1.tlog
D:\Visual Studio 2012\Projects\级数求和\级数求和\Debug\link.command.1.tlog
D:\Visual Studio 2012\Projects\级数求和\级数求和\Debug\link.read.1.tlog
D:\Visual Studio 2012\Projects\级数求和\级数求和\Debug\link.write.1.tlog
D:\Visual Studio 2012\Projects\级数求和\级数求和\Debug\vc110.idb
D:\Visual Studio 2012\Projects\级数求和\级数求和\Debug\vc110.pdb
D:\Visual Studio 2012\Projects\级数求和\Debug\级数求和.pdb
D:\Visual Studio 2012\Projects\级数求和\Debug\级数求和.exe
D:\Visual Studio 2012\Projects\级数求和\Debug\级数求和.ilk
