D:\VISUAL STUDIO 2012\PROJECTS\刷题记录\摘苹果（升级版）\摘苹果（升级版）\DEBUG\DEMO.OBJ
D:\VISUAL STUDIO 2012\PROJECTS\刷题记录\摘苹果（升级版）\摘苹果（升级版）\DEBUG\VC110.PDB
D:\VISUAL STUDIO 2012\PROJECTS\刷题记录\摘苹果（升级版）\DEBUG\摘苹果（升级版）.ILK
D:\VISUAL STUDIO 2012\PROJECTS\刷题记录\摘苹果（升级版）\DEBUG\摘苹果（升级版）.EXE
D:\VISUAL STUDIO 2012\PROJECTS\刷题记录\摘苹果（升级版）\DEBUG\摘苹果（升级版）.PDB
D:\Visual Studio 2012\Projects\刷题记录\摘苹果（升级版）\摘苹果（升级版）\Debug\demo.obj
D:\Visual Studio 2012\Projects\刷题记录\摘苹果（升级版）\摘苹果（升级版）\Debug\cl.command.1.tlog
D:\Visual Studio 2012\Projects\刷题记录\摘苹果（升级版）\摘苹果（升级版）\Debug\CL.read.1.tlog
D:\Visual Studio 2012\Projects\刷题记录\摘苹果（升级版）\摘苹果（升级版）\Debug\CL.write.1.tlog
D:\Visual Studio 2012\Projects\刷题记录\摘苹果（升级版）\摘苹果（升级版）\Debug\link-cvtres.read.1.tlog
D:\Visual Studio 2012\Projects\刷题记录\摘苹果（升级版）\摘苹果（升级版）\Debug\link-cvtres.write.1.tlog
D:\Visual Studio 2012\Projects\刷题记录\摘苹果（升级版）\摘苹果（升级版）\Debug\link-rc.read.1.tlog
D:\Visual Studio 2012\Projects\刷题记录\摘苹果（升级版）\摘苹果（升级版）\Debug\link-rc.write.1.tlog
D:\Visual Studio 2012\Projects\刷题记录\摘苹果（升级版）\摘苹果（升级版）\Debug\link.command.1.tlog
D:\Visual Studio 2012\Projects\刷题记录\摘苹果（升级版）\摘苹果（升级版）\Debug\link.read.1.tlog
D:\Visual Studio 2012\Projects\刷题记录\摘苹果（升级版）\摘苹果（升级版）\Debug\link.write.1.tlog
D:\Visual Studio 2012\Projects\刷题记录\摘苹果（升级版）\摘苹果（升级版）\Debug\vc110.idb
D:\Visual Studio 2012\Projects\刷题记录\摘苹果（升级版）\摘苹果（升级版）\Debug\vc110.pdb
D:\Visual Studio 2012\Projects\刷题记录\摘苹果（升级版）\Debug\摘苹果（升级版）.pdb
D:\Visual Studio 2012\Projects\刷题记录\摘苹果（升级版）\Debug\摘苹果（升级版）.exe
D:\Visual Studio 2012\Projects\刷题记录\摘苹果（升级版）\Debug\摘苹果（升级版）.ilk
