D:\VISUAL STUDIO 2012\PROJECTS\刷题记录\FUNCTION\FUNCTION\DEBUG\DEMO.OBJ
D:\VISUAL STUDIO 2012\PROJECTS\刷题记录\FUNCTION\FUNCTION\DEBUG\VC110.PDB
D:\VISUAL STUDIO 2012\PROJECTS\刷题记录\FUNCTION\DEBUG\FUNCTION.ILK
D:\VISUAL STUDIO 2012\PROJECTS\刷题记录\FUNCTION\DEBUG\FUNCTION.EXE
D:\VISUAL STUDIO 2012\PROJECTS\刷题记录\FUNCTION\DEBUG\FUNCTION.PDB
D:\Visual Studio 2012\Projects\刷题记录\Function\Function\Debug\demo.obj
D:\Visual Studio 2012\Projects\刷题记录\Function\Function\Debug\cl.command.1.tlog
D:\Visual Studio 2012\Projects\刷题记录\Function\Function\Debug\CL.read.1.tlog
D:\Visual Studio 2012\Projects\刷题记录\Function\Function\Debug\CL.write.1.tlog
D:\Visual Studio 2012\Projects\刷题记录\Function\Function\Debug\link-cvtres.read.1.tlog
D:\Visual Studio 2012\Projects\刷题记录\Function\Function\Debug\link-cvtres.write.1.tlog
D:\Visual Studio 2012\Projects\刷题记录\Function\Function\Debug\link-rc.read.1.tlog
D:\Visual Studio 2012\Projects\刷题记录\Function\Function\Debug\link-rc.write.1.tlog
D:\Visual Studio 2012\Projects\刷题记录\Function\Function\Debug\link.command.1.tlog
D:\Visual Studio 2012\Projects\刷题记录\Function\Function\Debug\link.read.1.tlog
D:\Visual Studio 2012\Projects\刷题记录\Function\Function\Debug\link.write.1.tlog
D:\Visual Studio 2012\Projects\刷题记录\Function\Function\Debug\vc110.idb
D:\Visual Studio 2012\Projects\刷题记录\Function\Function\Debug\vc110.pdb
D:\Visual Studio 2012\Projects\刷题记录\Function\Debug\Function.pdb
D:\Visual Studio 2012\Projects\刷题记录\Function\Debug\Function.exe
D:\Visual Studio 2012\Projects\刷题记录\Function\Debug\Function.ilk
