D:\VISUAL STUDIO 2012\PROJECTS\刷题记录\多项式输出\多项式输出\DEBUG\DEMO.OBJ
D:\VISUAL STUDIO 2012\PROJECTS\刷题记录\多项式输出\多项式输出\DEBUG\VC110.PDB
D:\VISUAL STUDIO 2012\PROJECTS\刷题记录\多项式输出\DEBUG\多项式输出.ILK
D:\VISUAL STUDIO 2012\PROJECTS\刷题记录\多项式输出\DEBUG\多项式输出.EXE
D:\VISUAL STUDIO 2012\PROJECTS\刷题记录\多项式输出\DEBUG\多项式输出.PDB
D:\Visual Studio 2012\Projects\刷题记录\多项式输出\多项式输出\Debug\demo.obj
D:\Visual Studio 2012\Projects\刷题记录\多项式输出\多项式输出\Debug\cl.command.1.tlog
D:\Visual Studio 2012\Projects\刷题记录\多项式输出\多项式输出\Debug\CL.read.1.tlog
D:\Visual Studio 2012\Projects\刷题记录\多项式输出\多项式输出\Debug\CL.write.1.tlog
D:\Visual Studio 2012\Projects\刷题记录\多项式输出\多项式输出\Debug\link-cvtres.read.1.tlog
D:\Visual Studio 2012\Projects\刷题记录\多项式输出\多项式输出\Debug\link-cvtres.write.1.tlog
D:\Visual Studio 2012\Projects\刷题记录\多项式输出\多项式输出\Debug\link-rc.read.1.tlog
D:\Visual Studio 2012\Projects\刷题记录\多项式输出\多项式输出\Debug\link-rc.write.1.tlog
D:\Visual Studio 2012\Projects\刷题记录\多项式输出\多项式输出\Debug\link.command.1.tlog
D:\Visual Studio 2012\Projects\刷题记录\多项式输出\多项式输出\Debug\link.read.1.tlog
D:\Visual Studio 2012\Projects\刷题记录\多项式输出\多项式输出\Debug\link.write.1.tlog
D:\Visual Studio 2012\Projects\刷题记录\多项式输出\多项式输出\Debug\vc110.idb
D:\Visual Studio 2012\Projects\刷题记录\多项式输出\多项式输出\Debug\vc110.pdb
D:\Visual Studio 2012\Projects\刷题记录\多项式输出\Debug\多项式输出.pdb
D:\Visual Studio 2012\Projects\刷题记录\多项式输出\Debug\多项式输出.exe
D:\Visual Studio 2012\Projects\刷题记录\多项式输出\Debug\多项式输出.ilk
