D:\VISUAL STUDIO 2012\PROJECTS\统计单词数\统计单词数\DEBUG\DEMO.OBJ
D:\VISUAL STUDIO 2012\PROJECTS\统计单词数\统计单词数\DEBUG\VC110.PDB
D:\VISUAL STUDIO 2012\PROJECTS\统计单词数\DEBUG\统计单词数.ILK
D:\VISUAL STUDIO 2012\PROJECTS\统计单词数\DEBUG\统计单词数.EXE
D:\VISUAL STUDIO 2012\PROJECTS\统计单词数\DEBUG\统计单词数.PDB
D:\Visual Studio 2012\Projects\统计单词数\统计单词数\Debug\demo.obj
D:\Visual Studio 2012\Projects\统计单词数\统计单词数\Debug\cl.command.1.tlog
D:\Visual Studio 2012\Projects\统计单词数\统计单词数\Debug\CL.read.1.tlog
D:\Visual Studio 2012\Projects\统计单词数\统计单词数\Debug\CL.write.1.tlog
D:\Visual Studio 2012\Projects\统计单词数\统计单词数\Debug\link-cvtres.read.1.tlog
D:\Visual Studio 2012\Projects\统计单词数\统计单词数\Debug\link-cvtres.write.1.tlog
D:\Visual Studio 2012\Projects\统计单词数\统计单词数\Debug\link-rc.read.1.tlog
D:\Visual Studio 2012\Projects\统计单词数\统计单词数\Debug\link-rc.write.1.tlog
D:\Visual Studio 2012\Projects\统计单词数\统计单词数\Debug\link.command.1.tlog
D:\Visual Studio 2012\Projects\统计单词数\统计单词数\Debug\link.read.1.tlog
D:\Visual Studio 2012\Projects\统计单词数\统计单词数\Debug\link.write.1.tlog
D:\Visual Studio 2012\Projects\统计单词数\统计单词数\Debug\vc110.idb
D:\Visual Studio 2012\Projects\统计单词数\统计单词数\Debug\vc110.pdb
D:\Visual Studio 2012\Projects\统计单词数\Debug\统计单词数.pdb
D:\Visual Studio 2012\Projects\统计单词数\Debug\统计单词数.exe
D:\Visual Studio 2012\Projects\统计单词数\Debug\统计单词数.ilk
