D:\VISUAL STUDIO 2012\PROJECTS\小鱼记忆\小鱼记忆\DEBUG\DEMO.OBJ
D:\VISUAL STUDIO 2012\PROJECTS\小鱼记忆\小鱼记忆\DEBUG\VC110.PDB
D:\VISUAL STUDIO 2012\PROJECTS\小鱼记忆\DEBUG\小鱼记忆.ILK
D:\VISUAL STUDIO 2012\PROJECTS\小鱼记忆\DEBUG\小鱼记忆.EXE
D:\VISUAL STUDIO 2012\PROJECTS\小鱼记忆\DEBUG\小鱼记忆.PDB
D:\Visual Studio 2012\Projects\小鱼记忆\小鱼记忆\Debug\demo.obj
D:\Visual Studio 2012\Projects\小鱼记忆\小鱼记忆\Debug\cl.command.1.tlog
D:\Visual Studio 2012\Projects\小鱼记忆\小鱼记忆\Debug\CL.read.1.tlog
D:\Visual Studio 2012\Projects\小鱼记忆\小鱼记忆\Debug\CL.write.1.tlog
D:\Visual Studio 2012\Projects\小鱼记忆\小鱼记忆\Debug\link-cvtres.read.1.tlog
D:\Visual Studio 2012\Projects\小鱼记忆\小鱼记忆\Debug\link-cvtres.write.1.tlog
D:\Visual Studio 2012\Projects\小鱼记忆\小鱼记忆\Debug\link-rc.read.1.tlog
D:\Visual Studio 2012\Projects\小鱼记忆\小鱼记忆\Debug\link-rc.write.1.tlog
D:\Visual Studio 2012\Projects\小鱼记忆\小鱼记忆\Debug\link.command.1.tlog
D:\Visual Studio 2012\Projects\小鱼记忆\小鱼记忆\Debug\link.read.1.tlog
D:\Visual Studio 2012\Projects\小鱼记忆\小鱼记忆\Debug\link.write.1.tlog
D:\Visual Studio 2012\Projects\小鱼记忆\小鱼记忆\Debug\vc110.idb
D:\Visual Studio 2012\Projects\小鱼记忆\小鱼记忆\Debug\vc110.pdb
D:\Visual Studio 2012\Projects\小鱼记忆\Debug\小鱼记忆.pdb
D:\Visual Studio 2012\Projects\小鱼记忆\Debug\小鱼记忆.exe
D:\Visual Studio 2012\Projects\小鱼记忆\Debug\小鱼记忆.ilk
