D:\VISUAL STUDIO 2012\PROJECTS\刷题记录\最值交换\最值交换\DEBUG\MAIN.OBJ
D:\VISUAL STUDIO 2012\PROJECTS\刷题记录\最值交换\最值交换\DEBUG\VC110.PDB
D:\VISUAL STUDIO 2012\PROJECTS\刷题记录\最值交换\DEBUG\最值交换.ILK
D:\VISUAL STUDIO 2012\PROJECTS\刷题记录\最值交换\DEBUG\最值交换.EXE
D:\VISUAL STUDIO 2012\PROJECTS\刷题记录\最值交换\DEBUG\最值交换.PDB
D:\Visual Studio 2012\Projects\刷题记录\最值交换\最值交换\Debug\Main.obj
D:\Visual Studio 2012\Projects\刷题记录\最值交换\最值交换\Debug\cl.command.1.tlog
D:\Visual Studio 2012\Projects\刷题记录\最值交换\最值交换\Debug\CL.read.1.tlog
D:\Visual Studio 2012\Projects\刷题记录\最值交换\最值交换\Debug\CL.write.1.tlog
D:\Visual Studio 2012\Projects\刷题记录\最值交换\最值交换\Debug\link-cvtres.read.1.tlog
D:\Visual Studio 2012\Projects\刷题记录\最值交换\最值交换\Debug\link-cvtres.write.1.tlog
D:\Visual Studio 2012\Projects\刷题记录\最值交换\最值交换\Debug\link-rc.read.1.tlog
D:\Visual Studio 2012\Projects\刷题记录\最值交换\最值交换\Debug\link-rc.write.1.tlog
D:\Visual Studio 2012\Projects\刷题记录\最值交换\最值交换\Debug\link.command.1.tlog
D:\Visual Studio 2012\Projects\刷题记录\最值交换\最值交换\Debug\link.read.1.tlog
D:\Visual Studio 2012\Projects\刷题记录\最值交换\最值交换\Debug\link.write.1.tlog
D:\Visual Studio 2012\Projects\刷题记录\最值交换\最值交换\Debug\vc110.idb
D:\Visual Studio 2012\Projects\刷题记录\最值交换\最值交换\Debug\vc110.pdb
D:\Visual Studio 2012\Projects\刷题记录\最值交换\Debug\最值交换.pdb
D:\Visual Studio 2012\Projects\刷题记录\最值交换\Debug\最值交换.exe
D:\Visual Studio 2012\Projects\刷题记录\最值交换\Debug\最值交换.ilk
