D:\VISUAL STUDIO 2012\PROJECTS\刷题记录\2018SUMMER\合唱团\DEBUG\合唱团.OBJ
D:\VISUAL STUDIO 2012\PROJECTS\刷题记录\2018SUMMER\合唱团\DEBUG\VC110.PDB
D:\VISUAL STUDIO 2012\PROJECTS\刷题记录\2018SUMMER\数串\DEBUG\合唱团.ILK
D:\VISUAL STUDIO 2012\PROJECTS\刷题记录\2018SUMMER\数串\DEBUG\合唱团.EXE
D:\VISUAL STUDIO 2012\PROJECTS\刷题记录\2018SUMMER\数串\DEBUG\合唱团.PDB
D:\Visual Studio 2012\Projects\刷题记录\2018Summer\合唱团\Debug\合唱团.obj
D:\Visual Studio 2012\Projects\刷题记录\2018Summer\合唱团\Debug\cl.command.1.tlog
D:\Visual Studio 2012\Projects\刷题记录\2018Summer\合唱团\Debug\CL.read.1.tlog
D:\Visual Studio 2012\Projects\刷题记录\2018Summer\合唱团\Debug\CL.write.1.tlog
D:\Visual Studio 2012\Projects\刷题记录\2018Summer\合唱团\Debug\link-cvtres.read.1.tlog
D:\Visual Studio 2012\Projects\刷题记录\2018Summer\合唱团\Debug\link-cvtres.write.1.tlog
D:\Visual Studio 2012\Projects\刷题记录\2018Summer\合唱团\Debug\link-rc.read.1.tlog
D:\Visual Studio 2012\Projects\刷题记录\2018Summer\合唱团\Debug\link-rc.write.1.tlog
D:\Visual Studio 2012\Projects\刷题记录\2018Summer\合唱团\Debug\link.command.1.tlog
D:\Visual Studio 2012\Projects\刷题记录\2018Summer\合唱团\Debug\link.read.1.tlog
D:\Visual Studio 2012\Projects\刷题记录\2018Summer\合唱团\Debug\link.write.1.tlog
D:\Visual Studio 2012\Projects\刷题记录\2018Summer\合唱团\Debug\vc110.idb
D:\Visual Studio 2012\Projects\刷题记录\2018Summer\合唱团\Debug\vc110.pdb
D:\Visual Studio 2012\Projects\刷题记录\2018Summer\数串\Debug\合唱团.pdb
D:\Visual Studio 2012\Projects\刷题记录\2018Summer\数串\Debug\合唱团.exe
D:\Visual Studio 2012\Projects\刷题记录\2018Summer\数串\Debug\合唱团.ilk
