D:\VISUAL STUDIO 2012\PROJECTS\刷题记录\数串\数串\DEBUG\BIGNUMS.OBJ
D:\VISUAL STUDIO 2012\PROJECTS\刷题记录\数串\数串\DEBUG\VC110.PDB
D:\VISUAL STUDIO 2012\PROJECTS\刷题记录\数串\DEBUG\数串.ILK
D:\VISUAL STUDIO 2012\PROJECTS\刷题记录\数串\DEBUG\数串.EXE
D:\VISUAL STUDIO 2012\PROJECTS\刷题记录\数串\DEBUG\数串.PDB
D:\Visual Studio 2012\Projects\刷题记录\数串\数串\Debug\bigNums.obj
D:\Visual Studio 2012\Projects\刷题记录\数串\数串\Debug\cl.command.1.tlog
D:\Visual Studio 2012\Projects\刷题记录\数串\数串\Debug\CL.read.1.tlog
D:\Visual Studio 2012\Projects\刷题记录\数串\数串\Debug\CL.write.1.tlog
D:\Visual Studio 2012\Projects\刷题记录\数串\数串\Debug\link-cvtres.read.1.tlog
D:\Visual Studio 2012\Projects\刷题记录\数串\数串\Debug\link-cvtres.write.1.tlog
D:\Visual Studio 2012\Projects\刷题记录\数串\数串\Debug\link-rc.read.1.tlog
D:\Visual Studio 2012\Projects\刷题记录\数串\数串\Debug\link-rc.write.1.tlog
D:\Visual Studio 2012\Projects\刷题记录\数串\数串\Debug\link.command.1.tlog
D:\Visual Studio 2012\Projects\刷题记录\数串\数串\Debug\link.read.1.tlog
D:\Visual Studio 2012\Projects\刷题记录\数串\数串\Debug\link.write.1.tlog
D:\Visual Studio 2012\Projects\刷题记录\数串\数串\Debug\vc110.idb
D:\Visual Studio 2012\Projects\刷题记录\数串\数串\Debug\vc110.pdb
D:\Visual Studio 2012\Projects\刷题记录\数串\Debug\数串.pdb
D:\Visual Studio 2012\Projects\刷题记录\数串\Debug\数串.exe
D:\Visual Studio 2012\Projects\刷题记录\数串\Debug\数串.ilk
