D:\VISUAL STUDIO 2012\PROJECTS\刷题记录\木桶排序\木桶排序\DEBUG\DEMO.OBJ
D:\VISUAL STUDIO 2012\PROJECTS\刷题记录\木桶排序\木桶排序\DEBUG\VC110.PDB
D:\VISUAL STUDIO 2012\PROJECTS\刷题记录\木桶排序\DEBUG\木桶排序.ILK
D:\VISUAL STUDIO 2012\PROJECTS\刷题记录\木桶排序\DEBUG\木桶排序.EXE
D:\VISUAL STUDIO 2012\PROJECTS\刷题记录\木桶排序\DEBUG\木桶排序.PDB
D:\Visual Studio 2012\Projects\刷题记录\木桶排序\木桶排序\Debug\demo.obj
D:\Visual Studio 2012\Projects\刷题记录\木桶排序\木桶排序\Debug\cl.command.1.tlog
D:\Visual Studio 2012\Projects\刷题记录\木桶排序\木桶排序\Debug\CL.read.1.tlog
D:\Visual Studio 2012\Projects\刷题记录\木桶排序\木桶排序\Debug\CL.write.1.tlog
D:\Visual Studio 2012\Projects\刷题记录\木桶排序\木桶排序\Debug\link-cvtres.read.1.tlog
D:\Visual Studio 2012\Projects\刷题记录\木桶排序\木桶排序\Debug\link-cvtres.write.1.tlog
D:\Visual Studio 2012\Projects\刷题记录\木桶排序\木桶排序\Debug\link-rc.read.1.tlog
D:\Visual Studio 2012\Projects\刷题记录\木桶排序\木桶排序\Debug\link-rc.write.1.tlog
D:\Visual Studio 2012\Projects\刷题记录\木桶排序\木桶排序\Debug\link.command.1.tlog
D:\Visual Studio 2012\Projects\刷题记录\木桶排序\木桶排序\Debug\link.read.1.tlog
D:\Visual Studio 2012\Projects\刷题记录\木桶排序\木桶排序\Debug\link.write.1.tlog
D:\Visual Studio 2012\Projects\刷题记录\木桶排序\木桶排序\Debug\vc110.idb
D:\Visual Studio 2012\Projects\刷题记录\木桶排序\木桶排序\Debug\vc110.pdb
D:\Visual Studio 2012\Projects\刷题记录\木桶排序\Debug\木桶排序.pdb
D:\Visual Studio 2012\Projects\刷题记录\木桶排序\Debug\木桶排序.exe
D:\Visual Studio 2012\Projects\刷题记录\木桶排序\Debug\木桶排序.ilk
