D:\VISUAL STUDIO 2012\PROJECTS\刷题记录\数的计算\数的计算\DEBUG\DEMO.OBJ
D:\VISUAL STUDIO 2012\PROJECTS\刷题记录\数的计算\数的计算\DEBUG\VC110.PDB
D:\VISUAL STUDIO 2012\PROJECTS\刷题记录\数的计算\DEBUG\数的计算.ILK
D:\VISUAL STUDIO 2012\PROJECTS\刷题记录\数的计算\DEBUG\数的计算.EXE
D:\VISUAL STUDIO 2012\PROJECTS\刷题记录\数的计算\DEBUG\数的计算.PDB
D:\Visual Studio 2012\Projects\刷题记录\数的计算\数的计算\Debug\demo.obj
D:\Visual Studio 2012\Projects\刷题记录\数的计算\数的计算\Debug\cl.command.1.tlog
D:\Visual Studio 2012\Projects\刷题记录\数的计算\数的计算\Debug\CL.read.1.tlog
D:\Visual Studio 2012\Projects\刷题记录\数的计算\数的计算\Debug\CL.write.1.tlog
D:\Visual Studio 2012\Projects\刷题记录\数的计算\数的计算\Debug\link-cvtres.read.1.tlog
D:\Visual Studio 2012\Projects\刷题记录\数的计算\数的计算\Debug\link-cvtres.write.1.tlog
D:\Visual Studio 2012\Projects\刷题记录\数的计算\数的计算\Debug\link-rc.read.1.tlog
D:\Visual Studio 2012\Projects\刷题记录\数的计算\数的计算\Debug\link-rc.write.1.tlog
D:\Visual Studio 2012\Projects\刷题记录\数的计算\数的计算\Debug\link.command.1.tlog
D:\Visual Studio 2012\Projects\刷题记录\数的计算\数的计算\Debug\link.read.1.tlog
D:\Visual Studio 2012\Projects\刷题记录\数的计算\数的计算\Debug\link.write.1.tlog
D:\Visual Studio 2012\Projects\刷题记录\数的计算\数的计算\Debug\vc110.idb
D:\Visual Studio 2012\Projects\刷题记录\数的计算\数的计算\Debug\vc110.pdb
D:\Visual Studio 2012\Projects\刷题记录\数的计算\Debug\数的计算.pdb
D:\Visual Studio 2012\Projects\刷题记录\数的计算\Debug\数的计算.exe
D:\Visual Studio 2012\Projects\刷题记录\数的计算\Debug\数的计算.ilk
