D:\VISUAL STUDIO 2012\PROJECTS\刷题记录\CANTOR表\CANTOR表\DEBUG\DEMO.OBJ
D:\VISUAL STUDIO 2012\PROJECTS\刷题记录\CANTOR表\CANTOR表\DEBUG\VC110.PDB
D:\VISUAL STUDIO 2012\PROJECTS\刷题记录\CANTOR表\DEBUG\CANTOR表.ILK
D:\VISUAL STUDIO 2012\PROJECTS\刷题记录\CANTOR表\DEBUG\CANTOR表.EXE
D:\VISUAL STUDIO 2012\PROJECTS\刷题记录\CANTOR表\DEBUG\CANTOR表.PDB
D:\Visual Studio 2012\Projects\刷题记录\Cantor表\Cantor表\Debug\demo.obj
D:\Visual Studio 2012\Projects\刷题记录\Cantor表\Cantor表\Debug\cl.command.1.tlog
D:\Visual Studio 2012\Projects\刷题记录\Cantor表\Cantor表\Debug\CL.read.1.tlog
D:\Visual Studio 2012\Projects\刷题记录\Cantor表\Cantor表\Debug\CL.write.1.tlog
D:\Visual Studio 2012\Projects\刷题记录\Cantor表\Cantor表\Debug\link-cvtres.read.1.tlog
D:\Visual Studio 2012\Projects\刷题记录\Cantor表\Cantor表\Debug\link-cvtres.write.1.tlog
D:\Visual Studio 2012\Projects\刷题记录\Cantor表\Cantor表\Debug\link-rc.read.1.tlog
D:\Visual Studio 2012\Projects\刷题记录\Cantor表\Cantor表\Debug\link-rc.write.1.tlog
D:\Visual Studio 2012\Projects\刷题记录\Cantor表\Cantor表\Debug\link.command.1.tlog
D:\Visual Studio 2012\Projects\刷题记录\Cantor表\Cantor表\Debug\link.read.1.tlog
D:\Visual Studio 2012\Projects\刷题记录\Cantor表\Cantor表\Debug\link.write.1.tlog
D:\Visual Studio 2012\Projects\刷题记录\Cantor表\Cantor表\Debug\vc110.idb
D:\Visual Studio 2012\Projects\刷题记录\Cantor表\Cantor表\Debug\vc110.pdb
D:\Visual Studio 2012\Projects\刷题记录\Cantor表\Debug\Cantor表.pdb
D:\Visual Studio 2012\Projects\刷题记录\Cantor表\Debug\Cantor表.exe
D:\Visual Studio 2012\Projects\刷题记录\Cantor表\Debug\Cantor表.ilk
