D:\VISUAL STUDIO 2012\PROJECTS\刷题记录\小鱼会有危险吗\小鱼会有危险吗\DEBUG\DEMO.OBJ
D:\VISUAL STUDIO 2012\PROJECTS\刷题记录\小鱼会有危险吗\小鱼会有危险吗\DEBUG\VC110.PDB
D:\VISUAL STUDIO 2012\PROJECTS\刷题记录\小鱼会有危险吗\DEBUG\小鱼会有危险吗.ILK
D:\VISUAL STUDIO 2012\PROJECTS\刷题记录\小鱼会有危险吗\DEBUG\小鱼会有危险吗.EXE
D:\VISUAL STUDIO 2012\PROJECTS\刷题记录\小鱼会有危险吗\DEBUG\小鱼会有危险吗.PDB
D:\Visual Studio 2012\Projects\刷题记录\小鱼会有危险吗\小鱼会有危险吗\Debug\demo.obj
D:\Visual Studio 2012\Projects\刷题记录\小鱼会有危险吗\小鱼会有危险吗\Debug\cl.command.1.tlog
D:\Visual Studio 2012\Projects\刷题记录\小鱼会有危险吗\小鱼会有危险吗\Debug\CL.read.1.tlog
D:\Visual Studio 2012\Projects\刷题记录\小鱼会有危险吗\小鱼会有危险吗\Debug\CL.write.1.tlog
D:\Visual Studio 2012\Projects\刷题记录\小鱼会有危险吗\小鱼会有危险吗\Debug\link-cvtres.read.1.tlog
D:\Visual Studio 2012\Projects\刷题记录\小鱼会有危险吗\小鱼会有危险吗\Debug\link-cvtres.write.1.tlog
D:\Visual Studio 2012\Projects\刷题记录\小鱼会有危险吗\小鱼会有危险吗\Debug\link-rc.read.1.tlog
D:\Visual Studio 2012\Projects\刷题记录\小鱼会有危险吗\小鱼会有危险吗\Debug\link-rc.write.1.tlog
D:\Visual Studio 2012\Projects\刷题记录\小鱼会有危险吗\小鱼会有危险吗\Debug\link.command.1.tlog
D:\Visual Studio 2012\Projects\刷题记录\小鱼会有危险吗\小鱼会有危险吗\Debug\link.read.1.tlog
D:\Visual Studio 2012\Projects\刷题记录\小鱼会有危险吗\小鱼会有危险吗\Debug\link.write.1.tlog
D:\Visual Studio 2012\Projects\刷题记录\小鱼会有危险吗\小鱼会有危险吗\Debug\vc110.idb
D:\Visual Studio 2012\Projects\刷题记录\小鱼会有危险吗\小鱼会有危险吗\Debug\vc110.pdb
D:\Visual Studio 2012\Projects\刷题记录\小鱼会有危险吗\Debug\小鱼会有危险吗.pdb
D:\Visual Studio 2012\Projects\刷题记录\小鱼会有危险吗\Debug\小鱼会有危险吗.exe
D:\Visual Studio 2012\Projects\刷题记录\小鱼会有危险吗\Debug\小鱼会有危险吗.ilk
