D:\VISUAL STUDIO 2012\PROJECTS\刷题记录\水仙花数\水仙花数\DEBUG\MAIN.OBJ
D:\VISUAL STUDIO 2012\PROJECTS\刷题记录\水仙花数\水仙花数\DEBUG\VC110.PDB
D:\VISUAL STUDIO 2012\PROJECTS\刷题记录\水仙花数\DEBUG\水仙花数.ILK
D:\VISUAL STUDIO 2012\PROJECTS\刷题记录\水仙花数\DEBUG\水仙花数.EXE
D:\VISUAL STUDIO 2012\PROJECTS\刷题记录\水仙花数\DEBUG\水仙花数.PDB
D:\Visual Studio 2012\Projects\刷题记录\水仙花数\水仙花数\Debug\Main.obj
D:\Visual Studio 2012\Projects\刷题记录\水仙花数\水仙花数\Debug\cl.command.1.tlog
D:\Visual Studio 2012\Projects\刷题记录\水仙花数\水仙花数\Debug\CL.read.1.tlog
D:\Visual Studio 2012\Projects\刷题记录\水仙花数\水仙花数\Debug\CL.write.1.tlog
D:\Visual Studio 2012\Projects\刷题记录\水仙花数\水仙花数\Debug\link-cvtres.read.1.tlog
D:\Visual Studio 2012\Projects\刷题记录\水仙花数\水仙花数\Debug\link-cvtres.write.1.tlog
D:\Visual Studio 2012\Projects\刷题记录\水仙花数\水仙花数\Debug\link-rc.read.1.tlog
D:\Visual Studio 2012\Projects\刷题记录\水仙花数\水仙花数\Debug\link-rc.write.1.tlog
D:\Visual Studio 2012\Projects\刷题记录\水仙花数\水仙花数\Debug\link.command.1.tlog
D:\Visual Studio 2012\Projects\刷题记录\水仙花数\水仙花数\Debug\link.read.1.tlog
D:\Visual Studio 2012\Projects\刷题记录\水仙花数\水仙花数\Debug\link.write.1.tlog
D:\Visual Studio 2012\Projects\刷题记录\水仙花数\水仙花数\Debug\vc110.idb
D:\Visual Studio 2012\Projects\刷题记录\水仙花数\水仙花数\Debug\vc110.pdb
D:\Visual Studio 2012\Projects\刷题记录\水仙花数\Debug\水仙花数.pdb
D:\Visual Studio 2012\Projects\刷题记录\水仙花数\Debug\水仙花数.exe
D:\Visual Studio 2012\Projects\刷题记录\水仙花数\Debug\水仙花数.ilk
