D:\VISUAL STUDIO 2012\PROJECTS\刷题记录\找雷\找雷\DEBUG\DEMO.OBJ
D:\VISUAL STUDIO 2012\PROJECTS\刷题记录\找雷\找雷\DEBUG\VC110.PDB
D:\VISUAL STUDIO 2012\PROJECTS\刷题记录\找雷\DEBUG\找雷.ILK
D:\VISUAL STUDIO 2012\PROJECTS\刷题记录\找雷\DEBUG\找雷.EXE
D:\VISUAL STUDIO 2012\PROJECTS\刷题记录\找雷\DEBUG\找雷.PDB
D:\Visual Studio 2012\Projects\刷题记录\找雷\找雷\Debug\demo.obj
D:\Visual Studio 2012\Projects\刷题记录\找雷\找雷\Debug\cl.command.1.tlog
D:\Visual Studio 2012\Projects\刷题记录\找雷\找雷\Debug\CL.read.1.tlog
D:\Visual Studio 2012\Projects\刷题记录\找雷\找雷\Debug\CL.write.1.tlog
D:\Visual Studio 2012\Projects\刷题记录\找雷\找雷\Debug\link-cvtres.read.1.tlog
D:\Visual Studio 2012\Projects\刷题记录\找雷\找雷\Debug\link-cvtres.write.1.tlog
D:\Visual Studio 2012\Projects\刷题记录\找雷\找雷\Debug\link-rc.read.1.tlog
D:\Visual Studio 2012\Projects\刷题记录\找雷\找雷\Debug\link-rc.write.1.tlog
D:\Visual Studio 2012\Projects\刷题记录\找雷\找雷\Debug\link.command.1.tlog
D:\Visual Studio 2012\Projects\刷题记录\找雷\找雷\Debug\link.read.1.tlog
D:\Visual Studio 2012\Projects\刷题记录\找雷\找雷\Debug\link.write.1.tlog
D:\Visual Studio 2012\Projects\刷题记录\找雷\找雷\Debug\vc110.idb
D:\Visual Studio 2012\Projects\刷题记录\找雷\找雷\Debug\vc110.pdb
D:\Visual Studio 2012\Projects\刷题记录\找雷\Debug\找雷.pdb
D:\Visual Studio 2012\Projects\刷题记录\找雷\Debug\找雷.exe
D:\Visual Studio 2012\Projects\刷题记录\找雷\Debug\找雷.ilk
