D:\VISUAL STUDIO 2012\PROJECTS\电费\电费\DEBUG\DEMO.OBJ
D:\VISUAL STUDIO 2012\PROJECTS\电费\电费\DEBUG\VC110.PDB
D:\VISUAL STUDIO 2012\PROJECTS\电费\DEBUG\电费.ILK
D:\VISUAL STUDIO 2012\PROJECTS\电费\DEBUG\电费.EXE
D:\VISUAL STUDIO 2012\PROJECTS\电费\DEBUG\电费.PDB
D:\Visual Studio 2012\Projects\电费\电费\Debug\demo.obj
D:\Visual Studio 2012\Projects\电费\电费\Debug\cl.command.1.tlog
D:\Visual Studio 2012\Projects\电费\电费\Debug\CL.read.1.tlog
D:\Visual Studio 2012\Projects\电费\电费\Debug\CL.write.1.tlog
D:\Visual Studio 2012\Projects\电费\电费\Debug\link-cvtres.read.1.tlog
D:\Visual Studio 2012\Projects\电费\电费\Debug\link-cvtres.write.1.tlog
D:\Visual Studio 2012\Projects\电费\电费\Debug\link-rc.read.1.tlog
D:\Visual Studio 2012\Projects\电费\电费\Debug\link-rc.write.1.tlog
D:\Visual Studio 2012\Projects\电费\电费\Debug\link.command.1.tlog
D:\Visual Studio 2012\Projects\电费\电费\Debug\link.read.1.tlog
D:\Visual Studio 2012\Projects\电费\电费\Debug\link.write.1.tlog
D:\Visual Studio 2012\Projects\电费\电费\Debug\vc110.idb
D:\Visual Studio 2012\Projects\电费\电费\Debug\vc110.pdb
D:\Visual Studio 2012\Projects\电费\Debug\电费.pdb
D:\Visual Studio 2012\Projects\电费\Debug\电费.exe
D:\Visual Studio 2012\Projects\电费\Debug\电费.ilk
