D:\VISUAL STUDIO 2012\PROJECTS\刷题记录\回文质子数\回文质子数\DEBUG\DEMO.OBJ
D:\VISUAL STUDIO 2012\PROJECTS\刷题记录\回文质子数\回文质子数\DEBUG\VC110.PDB
D:\VISUAL STUDIO 2012\PROJECTS\刷题记录\回文质子数\DEBUG\回文质子数.ILK
D:\VISUAL STUDIO 2012\PROJECTS\刷题记录\回文质子数\DEBUG\回文质子数.EXE
D:\VISUAL STUDIO 2012\PROJECTS\刷题记录\回文质子数\DEBUG\回文质子数.PDB
D:\Visual Studio 2012\Projects\刷题记录\回文质子数\回文质子数\Debug\demo.obj
D:\Visual Studio 2012\Projects\刷题记录\回文质子数\回文质子数\Debug\cl.command.1.tlog
D:\Visual Studio 2012\Projects\刷题记录\回文质子数\回文质子数\Debug\CL.read.1.tlog
D:\Visual Studio 2012\Projects\刷题记录\回文质子数\回文质子数\Debug\CL.write.1.tlog
D:\Visual Studio 2012\Projects\刷题记录\回文质子数\回文质子数\Debug\link-cvtres.read.1.tlog
D:\Visual Studio 2012\Projects\刷题记录\回文质子数\回文质子数\Debug\link-cvtres.write.1.tlog
D:\Visual Studio 2012\Projects\刷题记录\回文质子数\回文质子数\Debug\link-rc.read.1.tlog
D:\Visual Studio 2012\Projects\刷题记录\回文质子数\回文质子数\Debug\link-rc.write.1.tlog
D:\Visual Studio 2012\Projects\刷题记录\回文质子数\回文质子数\Debug\link.command.1.tlog
D:\Visual Studio 2012\Projects\刷题记录\回文质子数\回文质子数\Debug\link.read.1.tlog
D:\Visual Studio 2012\Projects\刷题记录\回文质子数\回文质子数\Debug\link.write.1.tlog
D:\Visual Studio 2012\Projects\刷题记录\回文质子数\回文质子数\Debug\vc110.idb
D:\Visual Studio 2012\Projects\刷题记录\回文质子数\回文质子数\Debug\vc110.pdb
D:\Visual Studio 2012\Projects\刷题记录\回文质子数\Debug\回文质子数.pdb
D:\Visual Studio 2012\Projects\刷题记录\回文质子数\Debug\回文质子数.exe
D:\Visual Studio 2012\Projects\刷题记录\回文质子数\Debug\回文质子数.ilk
