D:\VISUAL STUDIO 2012\PROJECTS\刷题记录\密码破译\密码破译\DEBUG\DEMO.OBJ
D:\VISUAL STUDIO 2012\PROJECTS\刷题记录\密码破译\密码破译\DEBUG\VC110.PDB
D:\VISUAL STUDIO 2012\PROJECTS\刷题记录\密码破译\DEBUG\密码破译.ILK
D:\VISUAL STUDIO 2012\PROJECTS\刷题记录\密码破译\DEBUG\密码破译.EXE
D:\VISUAL STUDIO 2012\PROJECTS\刷题记录\密码破译\DEBUG\密码破译.PDB
D:\Visual Studio 2012\Projects\刷题记录\密码破译\密码破译\Debug\demo.obj
D:\Visual Studio 2012\Projects\刷题记录\密码破译\密码破译\Debug\cl.command.1.tlog
D:\Visual Studio 2012\Projects\刷题记录\密码破译\密码破译\Debug\CL.read.1.tlog
D:\Visual Studio 2012\Projects\刷题记录\密码破译\密码破译\Debug\CL.write.1.tlog
D:\Visual Studio 2012\Projects\刷题记录\密码破译\密码破译\Debug\link-cvtres.read.1.tlog
D:\Visual Studio 2012\Projects\刷题记录\密码破译\密码破译\Debug\link-cvtres.write.1.tlog
D:\Visual Studio 2012\Projects\刷题记录\密码破译\密码破译\Debug\link-rc.read.1.tlog
D:\Visual Studio 2012\Projects\刷题记录\密码破译\密码破译\Debug\link-rc.write.1.tlog
D:\Visual Studio 2012\Projects\刷题记录\密码破译\密码破译\Debug\link.command.1.tlog
D:\Visual Studio 2012\Projects\刷题记录\密码破译\密码破译\Debug\link.read.1.tlog
D:\Visual Studio 2012\Projects\刷题记录\密码破译\密码破译\Debug\link.write.1.tlog
D:\Visual Studio 2012\Projects\刷题记录\密码破译\密码破译\Debug\vc110.idb
D:\Visual Studio 2012\Projects\刷题记录\密码破译\密码破译\Debug\vc110.pdb
D:\Visual Studio 2012\Projects\刷题记录\密码破译\Debug\密码破译.pdb
D:\Visual Studio 2012\Projects\刷题记录\密码破译\Debug\密码破译.exe
D:\Visual Studio 2012\Projects\刷题记录\密码破译\Debug\密码破译.ilk
