D:\VISUAL STUDIO 2012\PROJECTS\马拦卒过河\马拦卒过河\DEBUG\DEMO.OBJ
D:\VISUAL STUDIO 2012\PROJECTS\马拦卒过河\马拦卒过河\DEBUG\VC110.PDB
D:\VISUAL STUDIO 2012\PROJECTS\马拦卒过河\DEBUG\马拦卒过河.ILK
D:\VISUAL STUDIO 2012\PROJECTS\马拦卒过河\DEBUG\马拦卒过河.EXE
D:\VISUAL STUDIO 2012\PROJECTS\马拦卒过河\DEBUG\马拦卒过河.PDB
D:\Visual Studio 2012\Projects\马拦卒过河\马拦卒过河\Debug\Demo.obj
D:\Visual Studio 2012\Projects\马拦卒过河\马拦卒过河\Debug\cl.command.1.tlog
D:\Visual Studio 2012\Projects\马拦卒过河\马拦卒过河\Debug\CL.read.1.tlog
D:\Visual Studio 2012\Projects\马拦卒过河\马拦卒过河\Debug\CL.write.1.tlog
D:\Visual Studio 2012\Projects\马拦卒过河\马拦卒过河\Debug\link-cvtres.read.1.tlog
D:\Visual Studio 2012\Projects\马拦卒过河\马拦卒过河\Debug\link-cvtres.write.1.tlog
D:\Visual Studio 2012\Projects\马拦卒过河\马拦卒过河\Debug\link-rc.read.1.tlog
D:\Visual Studio 2012\Projects\马拦卒过河\马拦卒过河\Debug\link-rc.write.1.tlog
D:\Visual Studio 2012\Projects\马拦卒过河\马拦卒过河\Debug\link.command.1.tlog
D:\Visual Studio 2012\Projects\马拦卒过河\马拦卒过河\Debug\link.read.1.tlog
D:\Visual Studio 2012\Projects\马拦卒过河\马拦卒过河\Debug\link.write.1.tlog
D:\Visual Studio 2012\Projects\马拦卒过河\马拦卒过河\Debug\vc110.idb
D:\Visual Studio 2012\Projects\马拦卒过河\马拦卒过河\Debug\vc110.pdb
D:\Visual Studio 2012\Projects\马拦卒过河\Debug\马拦卒过河.pdb
D:\Visual Studio 2012\Projects\马拦卒过河\Debug\马拦卒过河.exe
D:\Visual Studio 2012\Projects\马拦卒过河\Debug\马拦卒过河.ilk
