D:\VISUAL STUDIO 2012\PROJECTS\刷题记录\CONSOLEAPPLICATION1\DEBUG\CONSOLEAPPLICATION1.BSC
D:\VISUAL STUDIO 2012\PROJECTS\刷题记录\CONSOLEAPPLICATION1\CONSOLEAPPLICATION1\DEBUG\MAIN.SBR
D:\VISUAL STUDIO 2012\PROJECTS\刷题记录\CONSOLEAPPLICATION1\CONSOLEAPPLICATION1\DEBUG\MAIN.OBJ
D:\VISUAL STUDIO 2012\PROJECTS\刷题记录\CONSOLEAPPLICATION1\CONSOLEAPPLICATION1\DEBUG\VC110.PDB
D:\VISUAL STUDIO 2012\PROJECTS\刷题记录\CONSOLEAPPLICATION1\DEBUG\CONSOLEAPPLICATION1.ILK
D:\VISUAL STUDIO 2012\PROJECTS\刷题记录\CONSOLEAPPLICATION1\DEBUG\CONSOLEAPPLICATION1.EXE
D:\VISUAL STUDIO 2012\PROJECTS\刷题记录\CONSOLEAPPLICATION1\DEBUG\CONSOLEAPPLICATION1.PDB
D:\Visual Studio 2012\Projects\刷题记录\ConsoleApplication1\ConsoleApplication1\Debug\main.obj
D:\Visual Studio 2012\Projects\刷题记录\ConsoleApplication1\ConsoleApplication1\Debug\BscMake.command.1.tlog
D:\Visual Studio 2012\Projects\刷题记录\ConsoleApplication1\ConsoleApplication1\Debug\bscmake.read.1.tlog
D:\Visual Studio 2012\Projects\刷题记录\ConsoleApplication1\ConsoleApplication1\Debug\BscMake.write.1.tlog
D:\Visual Studio 2012\Projects\刷题记录\ConsoleApplication1\ConsoleApplication1\Debug\cl.command.1.tlog
D:\Visual Studio 2012\Projects\刷题记录\ConsoleApplication1\ConsoleApplication1\Debug\CL.read.1.tlog
D:\Visual Studio 2012\Projects\刷题记录\ConsoleApplication1\ConsoleApplication1\Debug\CL.write.1.tlog
D:\Visual Studio 2012\Projects\刷题记录\ConsoleApplication1\ConsoleApplication1\Debug\link-cvtres.read.1.tlog
D:\Visual Studio 2012\Projects\刷题记录\ConsoleApplication1\ConsoleApplication1\Debug\link-cvtres.write.1.tlog
D:\Visual Studio 2012\Projects\刷题记录\ConsoleApplication1\ConsoleApplication1\Debug\link-rc.read.1.tlog
D:\Visual Studio 2012\Projects\刷题记录\ConsoleApplication1\ConsoleApplication1\Debug\link-rc.write.1.tlog
D:\Visual Studio 2012\Projects\刷题记录\ConsoleApplication1\ConsoleApplication1\Debug\link.command.1.tlog
D:\Visual Studio 2012\Projects\刷题记录\ConsoleApplication1\ConsoleApplication1\Debug\link.read.1.tlog
D:\Visual Studio 2012\Projects\刷题记录\ConsoleApplication1\ConsoleApplication1\Debug\link.write.1.tlog
D:\Visual Studio 2012\Projects\刷题记录\ConsoleApplication1\ConsoleApplication1\Debug\vc110.idb
D:\Visual Studio 2012\Projects\刷题记录\ConsoleApplication1\ConsoleApplication1\Debug\vc110.pdb
D:\Visual Studio 2012\Projects\刷题记录\ConsoleApplication1\ConsoleApplication1\Debug\main.sbr
D:\Visual Studio 2012\Projects\刷题记录\ConsoleApplication1\Debug\ConsoleApplication1.pdb
D:\Visual Studio 2012\Projects\刷题记录\ConsoleApplication1\Debug\ConsoleApplication1.exe
D:\Visual Studio 2012\Projects\刷题记录\ConsoleApplication1\Debug\ConsoleApplication1.bsc
D:\Visual Studio 2012\Projects\刷题记录\ConsoleApplication1\Debug\ConsoleApplication1.ilk
