D:\VISUAL STUDIO 2012\PROJECTS\刷题记录\导弹拦截I\导弹拦截I\DEBUG\DEMO.OBJ
D:\VISUAL STUDIO 2012\PROJECTS\刷题记录\导弹拦截I\导弹拦截I\DEBUG\VC110.PDB
D:\VISUAL STUDIO 2012\PROJECTS\刷题记录\导弹拦截I\DEBUG\导弹拦截I.ILK
D:\VISUAL STUDIO 2012\PROJECTS\刷题记录\导弹拦截I\DEBUG\导弹拦截I.EXE
D:\VISUAL STUDIO 2012\PROJECTS\刷题记录\导弹拦截I\DEBUG\导弹拦截I.PDB
D:\Visual Studio 2012\Projects\刷题记录\导弹拦截I\导弹拦截I\Debug\demo.obj
D:\Visual Studio 2012\Projects\刷题记录\导弹拦截I\导弹拦截I\Debug\cl.command.1.tlog
D:\Visual Studio 2012\Projects\刷题记录\导弹拦截I\导弹拦截I\Debug\CL.read.1.tlog
D:\Visual Studio 2012\Projects\刷题记录\导弹拦截I\导弹拦截I\Debug\CL.write.1.tlog
D:\Visual Studio 2012\Projects\刷题记录\导弹拦截I\导弹拦截I\Debug\link-cvtres.read.1.tlog
D:\Visual Studio 2012\Projects\刷题记录\导弹拦截I\导弹拦截I\Debug\link-cvtres.write.1.tlog
D:\Visual Studio 2012\Projects\刷题记录\导弹拦截I\导弹拦截I\Debug\link-rc.read.1.tlog
D:\Visual Studio 2012\Projects\刷题记录\导弹拦截I\导弹拦截I\Debug\link-rc.write.1.tlog
D:\Visual Studio 2012\Projects\刷题记录\导弹拦截I\导弹拦截I\Debug\link.command.1.tlog
D:\Visual Studio 2012\Projects\刷题记录\导弹拦截I\导弹拦截I\Debug\link.read.1.tlog
D:\Visual Studio 2012\Projects\刷题记录\导弹拦截I\导弹拦截I\Debug\link.write.1.tlog
D:\Visual Studio 2012\Projects\刷题记录\导弹拦截I\导弹拦截I\Debug\vc110.idb
D:\Visual Studio 2012\Projects\刷题记录\导弹拦截I\导弹拦截I\Debug\vc110.pdb
D:\Visual Studio 2012\Projects\刷题记录\导弹拦截I\Debug\导弹拦截I.pdb
D:\Visual Studio 2012\Projects\刷题记录\导弹拦截I\Debug\导弹拦截I.exe
D:\Visual Studio 2012\Projects\刷题记录\导弹拦截I\Debug\导弹拦截I.ilk
