D:\VISUAL STUDIO 2012\PROJECTS\铺地毯\铺地毯\DEBUG\DEMO.OBJ
D:\VISUAL STUDIO 2012\PROJECTS\铺地毯\铺地毯\DEBUG\VC110.PDB
D:\VISUAL STUDIO 2012\PROJECTS\铺地毯\DEBUG\铺地毯.ILK
D:\VISUAL STUDIO 2012\PROJECTS\铺地毯\DEBUG\铺地毯.EXE
D:\VISUAL STUDIO 2012\PROJECTS\铺地毯\DEBUG\铺地毯.PDB
D:\Visual Studio 2012\Projects\铺地毯\铺地毯\Debug\demo.obj
D:\Visual Studio 2012\Projects\铺地毯\铺地毯\Debug\cl.command.1.tlog
D:\Visual Studio 2012\Projects\铺地毯\铺地毯\Debug\CL.read.1.tlog
D:\Visual Studio 2012\Projects\铺地毯\铺地毯\Debug\CL.write.1.tlog
D:\Visual Studio 2012\Projects\铺地毯\铺地毯\Debug\link-cvtres.read.1.tlog
D:\Visual Studio 2012\Projects\铺地毯\铺地毯\Debug\link-cvtres.write.1.tlog
D:\Visual Studio 2012\Projects\铺地毯\铺地毯\Debug\link-rc.read.1.tlog
D:\Visual Studio 2012\Projects\铺地毯\铺地毯\Debug\link-rc.write.1.tlog
D:\Visual Studio 2012\Projects\铺地毯\铺地毯\Debug\link.command.1.tlog
D:\Visual Studio 2012\Projects\铺地毯\铺地毯\Debug\link.read.1.tlog
D:\Visual Studio 2012\Projects\铺地毯\铺地毯\Debug\link.write.1.tlog
D:\Visual Studio 2012\Projects\铺地毯\铺地毯\Debug\vc110.idb
D:\Visual Studio 2012\Projects\铺地毯\铺地毯\Debug\vc110.pdb
D:\Visual Studio 2012\Projects\铺地毯\Debug\铺地毯.pdb
D:\Visual Studio 2012\Projects\铺地毯\Debug\铺地毯.exe
D:\Visual Studio 2012\Projects\铺地毯\Debug\铺地毯.ilk
