D:\VISUAL STUDIO 2012\PROJECTS\刷题记录\LUCKY WORD\LUCKY WORD\DEBUG\VC110.PDB
D:\VISUAL STUDIO 2012\PROJECTS\刷题记录\LUCKY WORD\LUCKY WORD\DEBUG\DEMO.OBJ
D:\VISUAL STUDIO 2012\PROJECTS\刷题记录\LUCKY WORD\DEBUG\LUCKY WORD.ILK
D:\VISUAL STUDIO 2012\PROJECTS\刷题记录\LUCKY WORD\DEBUG\LUCKY WORD.EXE
D:\VISUAL STUDIO 2012\PROJECTS\刷题记录\LUCKY WORD\DEBUG\LUCKY WORD.PDB
D:\Visual Studio 2012\Projects\刷题记录\Lucky Word\Lucky Word\Debug\demo.obj
D:\Visual Studio 2012\Projects\刷题记录\Lucky Word\Lucky Word\Debug\cl.command.1.tlog
D:\Visual Studio 2012\Projects\刷题记录\Lucky Word\Lucky Word\Debug\CL.read.1.tlog
D:\Visual Studio 2012\Projects\刷题记录\Lucky Word\Lucky Word\Debug\CL.write.1.tlog
D:\Visual Studio 2012\Projects\刷题记录\Lucky Word\Lucky Word\Debug\link-cvtres.read.1.tlog
D:\Visual Studio 2012\Projects\刷题记录\Lucky Word\Lucky Word\Debug\link-cvtres.write.1.tlog
D:\Visual Studio 2012\Projects\刷题记录\Lucky Word\Lucky Word\Debug\link-rc.read.1.tlog
D:\Visual Studio 2012\Projects\刷题记录\Lucky Word\Lucky Word\Debug\link-rc.write.1.tlog
D:\Visual Studio 2012\Projects\刷题记录\Lucky Word\Lucky Word\Debug\link.command.1.tlog
D:\Visual Studio 2012\Projects\刷题记录\Lucky Word\Lucky Word\Debug\link.read.1.tlog
D:\Visual Studio 2012\Projects\刷题记录\Lucky Word\Lucky Word\Debug\link.write.1.tlog
D:\Visual Studio 2012\Projects\刷题记录\Lucky Word\Lucky Word\Debug\vc110.idb
D:\Visual Studio 2012\Projects\刷题记录\Lucky Word\Lucky Word\Debug\vc110.pdb
D:\Visual Studio 2012\Projects\刷题记录\Lucky Word\Debug\Lucky Word.pdb
D:\Visual Studio 2012\Projects\刷题记录\Lucky Word\Debug\Lucky Word.exe
D:\Visual Studio 2012\Projects\刷题记录\Lucky Word\Debug\Lucky Word.ilk
