D:\VISUAL STUDIO 2012\PROJECTS\刷题记录\接水问题1\接水问题1\DEBUG\DEMO.OBJ
D:\VISUAL STUDIO 2012\PROJECTS\刷题记录\接水问题1\接水问题1\DEBUG\VC110.PDB
D:\VISUAL STUDIO 2012\PROJECTS\刷题记录\接水问题1\DEBUG\接水问题1.ILK
D:\VISUAL STUDIO 2012\PROJECTS\刷题记录\接水问题1\DEBUG\接水问题1.EXE
D:\VISUAL STUDIO 2012\PROJECTS\刷题记录\接水问题1\DEBUG\接水问题1.PDB
D:\Visual Studio 2012\Projects\刷题记录\接水问题1\接水问题1\Debug\demo.obj
D:\Visual Studio 2012\Projects\刷题记录\接水问题1\接水问题1\Debug\cl.command.1.tlog
D:\Visual Studio 2012\Projects\刷题记录\接水问题1\接水问题1\Debug\CL.read.1.tlog
D:\Visual Studio 2012\Projects\刷题记录\接水问题1\接水问题1\Debug\CL.write.1.tlog
D:\Visual Studio 2012\Projects\刷题记录\接水问题1\接水问题1\Debug\link-cvtres.read.1.tlog
D:\Visual Studio 2012\Projects\刷题记录\接水问题1\接水问题1\Debug\link-cvtres.write.1.tlog
D:\Visual Studio 2012\Projects\刷题记录\接水问题1\接水问题1\Debug\link-rc.read.1.tlog
D:\Visual Studio 2012\Projects\刷题记录\接水问题1\接水问题1\Debug\link-rc.write.1.tlog
D:\Visual Studio 2012\Projects\刷题记录\接水问题1\接水问题1\Debug\link.command.1.tlog
D:\Visual Studio 2012\Projects\刷题记录\接水问题1\接水问题1\Debug\link.read.1.tlog
D:\Visual Studio 2012\Projects\刷题记录\接水问题1\接水问题1\Debug\link.write.1.tlog
D:\Visual Studio 2012\Projects\刷题记录\接水问题1\接水问题1\Debug\vc110.idb
D:\Visual Studio 2012\Projects\刷题记录\接水问题1\接水问题1\Debug\vc110.pdb
D:\Visual Studio 2012\Projects\刷题记录\接水问题1\Debug\接水问题1.pdb
D:\Visual Studio 2012\Projects\刷题记录\接水问题1\Debug\接水问题1.exe
D:\Visual Studio 2012\Projects\刷题记录\接水问题1\Debug\接水问题1.ilk
