D:\VISUAL STUDIO 2012\PROJECTS\刷题记录\选择客栈\选择客栈\DEBUG\DEMO.OBJ
D:\VISUAL STUDIO 2012\PROJECTS\刷题记录\选择客栈\选择客栈\DEBUG\VC110.PDB
D:\VISUAL STUDIO 2012\PROJECTS\刷题记录\选择客栈\DEBUG\选择客栈.ILK
D:\VISUAL STUDIO 2012\PROJECTS\刷题记录\选择客栈\DEBUG\选择客栈.EXE
D:\VISUAL STUDIO 2012\PROJECTS\刷题记录\选择客栈\DEBUG\选择客栈.PDB
D:\Visual Studio 2012\Projects\刷题记录\选择客栈\选择客栈\Debug\demo.obj
D:\Visual Studio 2012\Projects\刷题记录\选择客栈\选择客栈\Debug\cl.command.1.tlog
D:\Visual Studio 2012\Projects\刷题记录\选择客栈\选择客栈\Debug\CL.read.1.tlog
D:\Visual Studio 2012\Projects\刷题记录\选择客栈\选择客栈\Debug\CL.write.1.tlog
D:\Visual Studio 2012\Projects\刷题记录\选择客栈\选择客栈\Debug\link-cvtres.read.1.tlog
D:\Visual Studio 2012\Projects\刷题记录\选择客栈\选择客栈\Debug\link-cvtres.write.1.tlog
D:\Visual Studio 2012\Projects\刷题记录\选择客栈\选择客栈\Debug\link-rc.read.1.tlog
D:\Visual Studio 2012\Projects\刷题记录\选择客栈\选择客栈\Debug\link-rc.write.1.tlog
D:\Visual Studio 2012\Projects\刷题记录\选择客栈\选择客栈\Debug\link.command.1.tlog
D:\Visual Studio 2012\Projects\刷题记录\选择客栈\选择客栈\Debug\link.read.1.tlog
D:\Visual Studio 2012\Projects\刷题记录\选择客栈\选择客栈\Debug\link.write.1.tlog
D:\Visual Studio 2012\Projects\刷题记录\选择客栈\选择客栈\Debug\vc110.idb
D:\Visual Studio 2012\Projects\刷题记录\选择客栈\选择客栈\Debug\vc110.pdb
D:\Visual Studio 2012\Projects\刷题记录\选择客栈\Debug\选择客栈.pdb
D:\Visual Studio 2012\Projects\刷题记录\选择客栈\Debug\选择客栈.exe
D:\Visual Studio 2012\Projects\刷题记录\选择客栈\Debug\选择客栈.ilk
