D:\VISUAL STUDIO 2012\PROJECTS\ISBN号码\ISBN号码\DEBUG\DEMO.OBJ
D:\VISUAL STUDIO 2012\PROJECTS\ISBN号码\ISBN号码\DEBUG\VC110.PDB
D:\VISUAL STUDIO 2012\PROJECTS\ISBN号码\DEBUG\ISBN号码.ILK
D:\VISUAL STUDIO 2012\PROJECTS\ISBN号码\DEBUG\ISBN号码.EXE
D:\VISUAL STUDIO 2012\PROJECTS\ISBN号码\DEBUG\ISBN号码.PDB
D:\Visual Studio 2012\Projects\ISBN号码\ISBN号码\Debug\demo.obj
D:\Visual Studio 2012\Projects\ISBN号码\ISBN号码\Debug\cl.command.1.tlog
D:\Visual Studio 2012\Projects\ISBN号码\ISBN号码\Debug\CL.read.1.tlog
D:\Visual Studio 2012\Projects\ISBN号码\ISBN号码\Debug\CL.write.1.tlog
D:\Visual Studio 2012\Projects\ISBN号码\ISBN号码\Debug\link-cvtres.read.1.tlog
D:\Visual Studio 2012\Projects\ISBN号码\ISBN号码\Debug\link-cvtres.write.1.tlog
D:\Visual Studio 2012\Projects\ISBN号码\ISBN号码\Debug\link-rc.read.1.tlog
D:\Visual Studio 2012\Projects\ISBN号码\ISBN号码\Debug\link-rc.write.1.tlog
D:\Visual Studio 2012\Projects\ISBN号码\ISBN号码\Debug\link.command.1.tlog
D:\Visual Studio 2012\Projects\ISBN号码\ISBN号码\Debug\link.read.1.tlog
D:\Visual Studio 2012\Projects\ISBN号码\ISBN号码\Debug\link.write.1.tlog
D:\Visual Studio 2012\Projects\ISBN号码\ISBN号码\Debug\vc110.idb
D:\Visual Studio 2012\Projects\ISBN号码\ISBN号码\Debug\vc110.pdb
D:\Visual Studio 2012\Projects\ISBN号码\Debug\ISBN号码.pdb
D:\Visual Studio 2012\Projects\ISBN号码\Debug\ISBN号码.exe
D:\Visual Studio 2012\Projects\ISBN号码\Debug\ISBN号码.ilk
