D:\VISUAL STUDIO 2012\PROJECTS\比可爱\比可爱\DEBUG\DEMO.OBJ
D:\VISUAL STUDIO 2012\PROJECTS\比可爱\比可爱\DEBUG\VC110.PDB
D:\VISUAL STUDIO 2012\PROJECTS\比可爱\DEBUG\比可爱.ILK
D:\VISUAL STUDIO 2012\PROJECTS\比可爱\DEBUG\比可爱.EXE
D:\VISUAL STUDIO 2012\PROJECTS\比可爱\DEBUG\比可爱.PDB
D:\Visual Studio 2012\Projects\比可爱\比可爱\Debug\demo.obj
D:\Visual Studio 2012\Projects\比可爱\比可爱\Debug\cl.command.1.tlog
D:\Visual Studio 2012\Projects\比可爱\比可爱\Debug\CL.read.1.tlog
D:\Visual Studio 2012\Projects\比可爱\比可爱\Debug\CL.write.1.tlog
D:\Visual Studio 2012\Projects\比可爱\比可爱\Debug\link-cvtres.read.1.tlog
D:\Visual Studio 2012\Projects\比可爱\比可爱\Debug\link-cvtres.write.1.tlog
D:\Visual Studio 2012\Projects\比可爱\比可爱\Debug\link-rc.read.1.tlog
D:\Visual Studio 2012\Projects\比可爱\比可爱\Debug\link-rc.write.1.tlog
D:\Visual Studio 2012\Projects\比可爱\比可爱\Debug\link.command.1.tlog
D:\Visual Studio 2012\Projects\比可爱\比可爱\Debug\link.read.1.tlog
D:\Visual Studio 2012\Projects\比可爱\比可爱\Debug\link.write.1.tlog
D:\Visual Studio 2012\Projects\比可爱\比可爱\Debug\vc110.idb
D:\Visual Studio 2012\Projects\比可爱\比可爱\Debug\vc110.pdb
D:\Visual Studio 2012\Projects\比可爱\Debug\比可爱.pdb
D:\Visual Studio 2012\Projects\比可爱\Debug\比可爱.exe
D:\Visual Studio 2012\Projects\比可爱\Debug\比可爱.ilk
