D:\VISUAL STUDIO 2012\PROJECTS\刷题记录\稀疏矩阵\稀疏矩阵\DEBUG\DEMO.OBJ
D:\VISUAL STUDIO 2012\PROJECTS\刷题记录\稀疏矩阵\稀疏矩阵\DEBUG\VC110.PDB
D:\VISUAL STUDIO 2012\PROJECTS\刷题记录\稀疏矩阵\DEBUG\稀疏矩阵.ILK
D:\VISUAL STUDIO 2012\PROJECTS\刷题记录\稀疏矩阵\DEBUG\稀疏矩阵.EXE
D:\VISUAL STUDIO 2012\PROJECTS\刷题记录\稀疏矩阵\DEBUG\稀疏矩阵.PDB
D:\Visual Studio 2012\Projects\刷题记录\稀疏矩阵\稀疏矩阵\Debug\demo.obj
D:\Visual Studio 2012\Projects\刷题记录\稀疏矩阵\稀疏矩阵\Debug\cl.command.1.tlog
D:\Visual Studio 2012\Projects\刷题记录\稀疏矩阵\稀疏矩阵\Debug\CL.read.1.tlog
D:\Visual Studio 2012\Projects\刷题记录\稀疏矩阵\稀疏矩阵\Debug\CL.write.1.tlog
D:\Visual Studio 2012\Projects\刷题记录\稀疏矩阵\稀疏矩阵\Debug\link-cvtres.read.1.tlog
D:\Visual Studio 2012\Projects\刷题记录\稀疏矩阵\稀疏矩阵\Debug\link-cvtres.write.1.tlog
D:\Visual Studio 2012\Projects\刷题记录\稀疏矩阵\稀疏矩阵\Debug\link-rc.read.1.tlog
D:\Visual Studio 2012\Projects\刷题记录\稀疏矩阵\稀疏矩阵\Debug\link-rc.write.1.tlog
D:\Visual Studio 2012\Projects\刷题记录\稀疏矩阵\稀疏矩阵\Debug\link.command.1.tlog
D:\Visual Studio 2012\Projects\刷题记录\稀疏矩阵\稀疏矩阵\Debug\link.read.1.tlog
D:\Visual Studio 2012\Projects\刷题记录\稀疏矩阵\稀疏矩阵\Debug\link.write.1.tlog
D:\Visual Studio 2012\Projects\刷题记录\稀疏矩阵\稀疏矩阵\Debug\vc110.idb
D:\Visual Studio 2012\Projects\刷题记录\稀疏矩阵\稀疏矩阵\Debug\vc110.pdb
D:\Visual Studio 2012\Projects\刷题记录\稀疏矩阵\Debug\稀疏矩阵.pdb
D:\Visual Studio 2012\Projects\刷题记录\稀疏矩阵\Debug\稀疏矩阵.exe
D:\Visual Studio 2012\Projects\刷题记录\稀疏矩阵\Debug\稀疏矩阵.ilk
